c:\users\brgur\source\repos\dll1\dll1\debug\dll1.pch
c:\users\brgur\source\repos\dll1\dll1\debug\vc141.pdb
c:\users\brgur\source\repos\dll1\dll1\debug\vc141.idb
c:\users\brgur\source\repos\dll1\dll1\debug\pch.obj
c:\users\brgur\source\repos\dll1\dll1\debug\dllmain.obj
c:\users\brgur\source\repos\dll1\dll1\debug\dll1.obj
c:\users\brgur\source\repos\dll1\debug\dll1\dll1.lib
c:\users\brgur\source\repos\dll1\debug\dll1\dll1.exp
c:\users\brgur\source\repos\dll1\dll1\debug\dll1.vcxprojresolveassemblyreference.cache
c:\users\brgur\source\repos\dll1\dll1\debug\priconfig.xml
c:\users\brgur\source\repos\dll1\dll1\debug\priconfig.xml.intermediate
c:\users\brgur\source\repos\dll1\dll1\debug\layout.resfiles
c:\users\brgur\source\repos\dll1\dll1\debug\layout.resfiles.intermediate
c:\users\brgur\source\repos\dll1\dll1\debug\resources.resfiles
c:\users\brgur\source\repos\dll1\dll1\debug\resources.resfiles.intermediate
c:\users\brgur\source\repos\dll1\dll1\debug\pri.resfiles
c:\users\brgur\source\repos\dll1\dll1\debug\pri.resfiles.intermediate
c:\users\brgur\source\repos\dll1\debug\dll1\dll1.pri
c:\users\brgur\source\repos\dll1\dll1\debug\qualifiers.txt
c:\users\brgur\source\repos\dll1\dll1\debug\qualifiers.txt.intermediate
c:\users\brgur\source\repos\dll1\dll1\debug\multiplequalifiersperdimensionfound.txt
c:\users\brgur\source\repos\dll1\debug\dll1\dll1.dll
c:\users\brgur\source\repos\dll1\debug\dll1\dll1.ilk
c:\users\brgur\source\repos\dll1\debug\dll1\dll1.pdb
c:\users\brgur\source\repos\dll1\dll1\debug\embed.resfiles
c:\users\brgur\source\repos\dll1\dll1\debug\dll1.tlog\cl.command.1.tlog
c:\users\brgur\source\repos\dll1\dll1\debug\dll1.tlog\cl.read.1.tlog
c:\users\brgur\source\repos\dll1\dll1\debug\dll1.tlog\cl.write.1.tlog
c:\users\brgur\source\repos\dll1\dll1\debug\dll1.tlog\dll1.read.1u.tlog
c:\users\brgur\source\repos\dll1\dll1\debug\dll1.tlog\dll1.write.1u.tlog
c:\users\brgur\source\repos\dll1\dll1\debug\dll1.tlog\link.16292.delete.1.tlog
c:\users\brgur\source\repos\dll1\dll1\debug\dll1.tlog\link.command.1.tlog
c:\users\brgur\source\repos\dll1\dll1\debug\dll1.tlog\link.read.1.tlog
c:\users\brgur\source\repos\dll1\dll1\debug\dll1.tlog\link.write.1.tlog
